<?xml version="1.0" encoding="UTF-8"?>
<!-- Generated by org.testng.reporters.JUnitReportReporter -->
<testsuite hostname="Samsung" failures="0" tests="1" name="Module1_Login_Test.SwagLabLoginTest" time="23.219" errors="0" timestamp="2023-11-29T14:33:09 IST" skipped="0">
  <testcase classname="Module1_Login_Test.SwagLabLoginTest" name="VerifyTitle" time="23.219"/>
</testsuite> <!-- Module1_Login_Test.SwagLabLoginTest -->
